This file contains any messages produced by compilers while
running configure, to aid debugging if configure makes a mistake.

It was created by TessAutoMake configure 1.0, which was
generated by GNU Autoconf 2.68.  Invocation command line was

  $ ./configure LDFLAGS=-L/usr/local/lib

## --------- ##
## Platform. ##
## --------- ##

hostname = dominhhai-desktop
uname -m = i686
uname -r = 3.2.0-38-generic-pae
uname -s = Linux
uname -v = #61-Ubuntu SMP Tue Feb 19 12:39:51 UTC 2013

/usr/bin/uname -p = unknown
/bin/uname -X     = unknown

/bin/arch              = unknown
/usr/bin/arch -k       = unknown
/usr/convex/getsysinfo = unknown
/usr/bin/hostinfo      = unknown
/bin/machine           = unknown
/usr/bin/oslevel       = unknown
/bin/universe          = unknown

PATH: /usr/lib/lightdm/lightdm
PATH: /usr/local/sbin
PATH: /usr/local/bin
PATH: /usr/sbin
PATH: /usr/bin
PATH: /sbin
PATH: /bin
PATH: /usr/games
PATH: /usr/lib/jvm/jdk1.7.0/bin


## ----------- ##
## Core tests. ##
## ----------- ##

configure:2307: checking for g++
configure:2323: found /usr/bin/g++
configure:2334: result: g++
configure:2361: checking for C++ compiler version
configure:2370: g++ --version >&5
g++ (Ubuntu/Linaro 4.6.3-1ubuntu5) 4.6.3
Copyright (C) 2011 Free Software Foundation, Inc.
This is free software; see the source for copying conditions.  There is NO
warranty; not even for MERCHANTABILITY or FITNESS FOR A PARTICULAR PURPOSE.

configure:2381: $? = 0
configure:2370: g++ -v >&5
Using built-in specs.
COLLECT_GCC=g++
COLLECT_LTO_WRAPPER=/usr/lib/gcc/i686-linux-gnu/4.6/lto-wrapper
Target: i686-linux-gnu
Configured with: ../src/configure -v --with-pkgversion='Ubuntu/Linaro 4.6.3-1ubuntu5' --with-bugurl=file:///usr/share/doc/gcc-4.6/README.Bugs --enable-languages=c,c++,fortran,objc,obj-c++ --prefix=/usr --program-suffix=-4.6 --enable-shared --enable-linker-build-id --with-system-zlib --libexecdir=/usr/lib --without-included-gettext --enable-threads=posix --with-gxx-include-dir=/usr/include/c++/4.6 --libdir=/usr/lib --enable-nls --with-sysroot=/ --enable-clocale=gnu --enable-libstdcxx-debug --enable-libstdcxx-time=yes --enable-gnu-unique-object --enable-plugin --enable-objc-gc --enable-targets=all --disable-werror --with-arch-32=i686 --with-tune=generic --enable-checking=release --build=i686-linux-gnu --host=i686-linux-gnu --target=i686-linux-gnu
Thread model: posix
gcc version 4.6.3 (Ubuntu/Linaro 4.6.3-1ubuntu5) 
configure:2381: $? = 0
configure:2370: g++ -V >&5
g++: error: unrecognized option '-V'
g++: fatal error: no input files
compilation terminated.
configure:2381: $? = 4
configure:2370: g++ -qversion >&5
g++: error: unrecognized option '-qversion'
g++: fatal error: no input files
compilation terminated.
configure:2381: $? = 4
configure:2401: checking whether the C++ compiler works
configure:2423: g++   -L/usr/local/lib conftest.cpp  >&5
configure:2427: $? = 0
configure:2475: result: yes
configure:2478: checking for C++ compiler default output file name
configure:2480: result: a.out
configure:2486: checking for suffix of executables
configure:2493: g++ -o conftest   -L/usr/local/lib conftest.cpp  >&5
configure:2497: $? = 0
configure:2519: result: 
configure:2541: checking whether we are cross compiling
configure:2549: g++ -o conftest   -L/usr/local/lib conftest.cpp  >&5
configure:2553: $? = 0
configure:2560: ./conftest
configure:2564: $? = 0
configure:2579: result: no
configure:2584: checking for suffix of object files
configure:2606: g++ -c   conftest.cpp >&5
configure:2610: $? = 0
configure:2631: result: o
configure:2635: checking whether we are using the GNU C++ compiler
configure:2654: g++ -c   conftest.cpp >&5
configure:2654: $? = 0
configure:2663: result: yes
configure:2672: checking whether g++ accepts -g
configure:2692: g++ -c -g  conftest.cpp >&5
configure:2692: $? = 0
configure:2733: result: yes
configure:2804: checking for gcc
configure:2820: found /usr/bin/gcc
configure:2831: result: gcc
configure:3060: checking for C compiler version
configure:3069: gcc --version >&5
gcc (Ubuntu/Linaro 4.6.3-1ubuntu5) 4.6.3
Copyright (C) 2011 Free Software Foundation, Inc.
This is free software; see the source for copying conditions.  There is NO
warranty; not even for MERCHANTABILITY or FITNESS FOR A PARTICULAR PURPOSE.

configure:3080: $? = 0
configure:3069: gcc -v >&5
Using built-in specs.
COLLECT_GCC=gcc
COLLECT_LTO_WRAPPER=/usr/lib/gcc/i686-linux-gnu/4.6/lto-wrapper
Target: i686-linux-gnu
Configured with: ../src/configure -v --with-pkgversion='Ubuntu/Linaro 4.6.3-1ubuntu5' --with-bugurl=file:///usr/share/doc/gcc-4.6/README.Bugs --enable-languages=c,c++,fortran,objc,obj-c++ --prefix=/usr --program-suffix=-4.6 --enable-shared --enable-linker-build-id --with-system-zlib --libexecdir=/usr/lib --without-included-gettext --enable-threads=posix --with-gxx-include-dir=/usr/include/c++/4.6 --libdir=/usr/lib --enable-nls --with-sysroot=/ --enable-clocale=gnu --enable-libstdcxx-debug --enable-libstdcxx-time=yes --enable-gnu-unique-object --enable-plugin --enable-objc-gc --enable-targets=all --disable-werror --with-arch-32=i686 --with-tune=generic --enable-checking=release --build=i686-linux-gnu --host=i686-linux-gnu --target=i686-linux-gnu
Thread model: posix
gcc version 4.6.3 (Ubuntu/Linaro 4.6.3-1ubuntu5) 
configure:3080: $? = 0
configure:3069: gcc -V >&5
gcc: error: unrecognized option '-V'
gcc: fatal error: no input files
compilation terminated.
configure:3080: $? = 4
configure:3069: gcc -qversion >&5
gcc: error: unrecognized option '-qversion'
gcc: fatal error: no input files
compilation terminated.
configure:3080: $? = 4
configure:3084: checking whether we are using the GNU C compiler
configure:3103: gcc -c   conftest.c >&5
configure:3103: $? = 0
configure:3112: result: yes
configure:3121: checking whether gcc accepts -g
configure:3141: gcc -c -g  conftest.c >&5
configure:3141: $? = 0
configure:3182: result: yes
configure:3199: checking for gcc option to accept ISO C89
configure:3263: gcc  -c -g -O2  conftest.c >&5
configure:3263: $? = 0
configure:3276: result: none needed
configure:3339: checking build system type
configure:3353: result: i686-pc-linux-gnu
configure:3373: checking host system type
configure:3386: result: i686-pc-linux-gnu
configure:3406: checking target system type
configure:3419: result: i686-pc-linux-gnu
configure:3492: checking how to print strings
configure:3519: result: printf
configure:3540: checking for a sed that does not truncate output
configure:3604: result: /bin/sed
configure:3622: checking for grep that handles long lines and -e
configure:3680: result: /bin/grep
configure:3685: checking for egrep
configure:3747: result: /bin/grep -E
configure:3752: checking for fgrep
configure:3814: result: /bin/grep -F
configure:3849: checking for ld used by gcc
configure:3916: result: /usr/bin/ld
configure:3923: checking if the linker (/usr/bin/ld) is GNU ld
configure:3938: result: yes
configure:3950: checking for BSD- or MS-compatible name lister (nm)
configure:3999: result: /usr/bin/nm -B
configure:4129: checking the name lister (/usr/bin/nm -B) interface
configure:4136: gcc -c -g -O2  conftest.c >&5
configure:4139: /usr/bin/nm -B "conftest.o"
configure:4142: output
00000000 B some_variable
configure:4149: result: BSD nm
configure:4152: checking whether ln -s works
configure:4156: result: yes
configure:4164: checking the maximum length of command line arguments
configure:4294: result: 1572864
configure:4311: checking whether the shell understands some XSI constructs
configure:4321: result: yes
configure:4325: checking whether the shell understands "+="
configure:4331: result: yes
configure:4366: checking how to convert i686-pc-linux-gnu file names to i686-pc-linux-gnu format
configure:4406: result: func_convert_file_noop
configure:4413: checking how to convert i686-pc-linux-gnu file names to toolchain format
configure:4433: result: func_convert_file_noop
configure:4440: checking for /usr/bin/ld option to reload object files
configure:4447: result: -r
configure:4521: checking for objdump
configure:4537: found /usr/bin/objdump
configure:4548: result: objdump
configure:4580: checking how to recognize dependent libraries
configure:4782: result: pass_all
configure:4867: checking for dlltool
configure:4897: result: no
configure:4927: checking how to associate runtime and link libraries
configure:4954: result: printf %s\n
configure:5015: checking for ar
configure:5031: found /usr/bin/ar
configure:5042: result: ar
configure:5079: checking for archiver @FILE support
configure:5096: gcc -c -g -O2  conftest.c >&5
configure:5096: $? = 0
configure:5099: ar cru libconftest.a @conftest.lst >&5
configure:5102: $? = 0
configure:5107: ar cru libconftest.a @conftest.lst >&5
ar: conftest.o: No such file or directory
configure:5110: $? = 1
configure:5122: result: @
configure:5180: checking for strip
configure:5196: found /usr/bin/strip
configure:5207: result: strip
configure:5279: checking for ranlib
configure:5295: found /usr/bin/ranlib
configure:5306: result: ranlib
configure:5383: checking for gawk
configure:5413: result: no
configure:5383: checking for mawk
configure:5399: found /usr/bin/mawk
configure:5410: result: mawk
configure:5450: checking command to parse /usr/bin/nm -B output from gcc object
configure:5570: gcc -c -g -O2  conftest.c >&5
configure:5573: $? = 0
configure:5577: /usr/bin/nm -B conftest.o \| sed -n -e 's/^.*[ ]\([ABCDGIRSTW][ABCDGIRSTW]*\)[ ][ ]*\([_A-Za-z][_A-Za-z0-9]*\)$/\1 \2 \2/p' | sed '/ __gnu_lto/d' \> conftest.nm
configure:5580: $? = 0
configure:5646: gcc -o conftest -g -O2  -L/usr/local/lib conftest.c conftstm.o >&5
configure:5649: $? = 0
configure:5687: result: ok
configure:5724: checking for sysroot
configure:5754: result: no
configure:6010: checking for mt
configure:6026: found /bin/mt
configure:6037: result: mt
configure:6060: checking if mt is a manifest tool
configure:6066: mt '-?'
configure:6074: result: no
configure:6716: checking how to run the C preprocessor
configure:6747: gcc -E  conftest.c
configure:6747: $? = 0
configure:6761: gcc -E  conftest.c
conftest.c:9:28: fatal error: ac_nonexistent.h: No such file or directory
compilation terminated.
configure:6761: $? = 1
configure: failed program was:
| /* confdefs.h */
| #define PACKAGE_NAME "TessAutoMake"
| #define PACKAGE_TARNAME "tessautomake"
| #define PACKAGE_VERSION "1.0"
| #define PACKAGE_STRING "TessAutoMake 1.0"
| #define PACKAGE_BUGREPORT "minhhai3b@gmail.com"
| #define PACKAGE_URL ""
| /* end confdefs.h.  */
| #include <ac_nonexistent.h>
configure:6786: result: gcc -E
configure:6806: gcc -E  conftest.c
configure:6806: $? = 0
configure:6820: gcc -E  conftest.c
conftest.c:9:28: fatal error: ac_nonexistent.h: No such file or directory
compilation terminated.
configure:6820: $? = 1
configure: failed program was:
| /* confdefs.h */
| #define PACKAGE_NAME "TessAutoMake"
| #define PACKAGE_TARNAME "tessautomake"
| #define PACKAGE_VERSION "1.0"
| #define PACKAGE_STRING "TessAutoMake 1.0"
| #define PACKAGE_BUGREPORT "minhhai3b@gmail.com"
| #define PACKAGE_URL ""
| /* end confdefs.h.  */
| #include <ac_nonexistent.h>
configure:6849: checking for ANSI C header files
configure:6869: gcc -c -g -O2  conftest.c >&5
configure:6869: $? = 0
configure:6942: gcc -o conftest -g -O2  -L/usr/local/lib conftest.c  >&5
configure:6942: $? = 0
configure:6942: ./conftest
configure:6942: $? = 0
configure:6953: result: yes
configure:6966: checking for sys/types.h
configure:6966: gcc -c -g -O2  conftest.c >&5
configure:6966: $? = 0
configure:6966: result: yes
configure:6966: checking for sys/stat.h
configure:6966: gcc -c -g -O2  conftest.c >&5
configure:6966: $? = 0
configure:6966: result: yes
configure:6966: checking for stdlib.h
configure:6966: gcc -c -g -O2  conftest.c >&5
configure:6966: $? = 0
configure:6966: result: yes
configure:6966: checking for string.h
configure:6966: gcc -c -g -O2  conftest.c >&5
configure:6966: $? = 0
configure:6966: result: yes
configure:6966: checking for memory.h
configure:6966: gcc -c -g -O2  conftest.c >&5
configure:6966: $? = 0
configure:6966: result: yes
configure:6966: checking for strings.h
configure:6966: gcc -c -g -O2  conftest.c >&5
configure:6966: $? = 0
configure:6966: result: yes
configure:6966: checking for inttypes.h
configure:6966: gcc -c -g -O2  conftest.c >&5
configure:6966: $? = 0
configure:6966: result: yes
configure:6966: checking for stdint.h
configure:6966: gcc -c -g -O2  conftest.c >&5
configure:6966: $? = 0
configure:6966: result: yes
configure:6966: checking for unistd.h
configure:6966: gcc -c -g -O2  conftest.c >&5
configure:6966: $? = 0
configure:6966: result: yes
configure:6980: checking for dlfcn.h
configure:6980: gcc -c -g -O2  conftest.c >&5
configure:6980: $? = 0
configure:6980: result: yes
configure:7197: checking for objdir
configure:7212: result: .libs
configure:7479: checking if gcc supports -fno-rtti -fno-exceptions
configure:7497: gcc -c -g -O2  -fno-rtti -fno-exceptions conftest.c >&5
cc1: warning: command line option '-fno-rtti' is valid for C++/ObjC++ but not for C [enabled by default]
configure:7501: $? = 0
configure:7514: result: no
configure:7841: checking for gcc option to produce PIC
configure:7848: result: -fPIC -DPIC
configure:7856: checking if gcc PIC flag -fPIC -DPIC works
configure:7874: gcc -c -g -O2  -fPIC -DPIC -DPIC conftest.c >&5
configure:7878: $? = 0
configure:7891: result: yes
configure:7920: checking if gcc static flag -static works
configure:7948: result: yes
configure:7963: checking if gcc supports -c -o file.o
configure:7984: gcc -c -g -O2  -o out/conftest2.o conftest.c >&5
configure:7988: $? = 0
configure:8010: result: yes
configure:8018: checking if gcc supports -c -o file.o
configure:8065: result: yes
configure:8098: checking whether the gcc linker (/usr/bin/ld) supports shared libraries
configure:9255: result: yes
configure:9292: checking whether -lc should be explicitly linked in
configure:9300: gcc -c -g -O2  conftest.c >&5
configure:9303: $? = 0
configure:9318: gcc -shared  -fPIC -DPIC conftest.o  -v -Wl,-soname -Wl,conftest -o conftest 2\>\&1 \| /bin/grep  -lc  \>/dev/null 2\>\&1
configure:9321: $? = 0
configure:9335: result: no
configure:9495: checking dynamic linker characteristics
configure:10006: gcc -o conftest -g -O2  -L/usr/local/lib -Wl,-rpath -Wl,/foo conftest.c  >&5
configure:10006: $? = 0
configure:10240: result: GNU/Linux ld.so
configure:10347: checking how to hardcode library paths into programs
configure:10372: result: immediate
configure:10912: checking whether stripping libraries is possible
configure:10917: result: yes
configure:10952: checking if libtool supports shared libraries
configure:10954: result: yes
configure:10957: checking whether to build shared libraries
configure:10978: result: yes
configure:10981: checking whether to build static libraries
configure:10985: result: yes
configure:11008: checking how to run the C++ preprocessor
configure:11035: g++ -E  conftest.cpp
configure:11035: $? = 0
configure:11049: g++ -E  conftest.cpp
conftest.cpp:21:28: fatal error: ac_nonexistent.h: No such file or directory
compilation terminated.
configure:11049: $? = 1
configure: failed program was:
| /* confdefs.h */
| #define PACKAGE_NAME "TessAutoMake"
| #define PACKAGE_TARNAME "tessautomake"
| #define PACKAGE_VERSION "1.0"
| #define PACKAGE_STRING "TessAutoMake 1.0"
| #define PACKAGE_BUGREPORT "minhhai3b@gmail.com"
| #define PACKAGE_URL ""
| #define STDC_HEADERS 1
| #define HAVE_SYS_TYPES_H 1
| #define HAVE_SYS_STAT_H 1
| #define HAVE_STDLIB_H 1
| #define HAVE_STRING_H 1
| #define HAVE_MEMORY_H 1
| #define HAVE_STRINGS_H 1
| #define HAVE_INTTYPES_H 1
| #define HAVE_STDINT_H 1
| #define HAVE_UNISTD_H 1
| #define HAVE_DLFCN_H 1
| #define LT_OBJDIR ".libs/"
| /* end confdefs.h.  */
| #include <ac_nonexistent.h>
configure:11074: result: g++ -E
configure:11094: g++ -E  conftest.cpp
configure:11094: $? = 0
configure:11108: g++ -E  conftest.cpp
conftest.cpp:21:28: fatal error: ac_nonexistent.h: No such file or directory
compilation terminated.
configure:11108: $? = 1
configure: failed program was:
| /* confdefs.h */
| #define PACKAGE_NAME "TessAutoMake"
| #define PACKAGE_TARNAME "tessautomake"
| #define PACKAGE_VERSION "1.0"
| #define PACKAGE_STRING "TessAutoMake 1.0"
| #define PACKAGE_BUGREPORT "minhhai3b@gmail.com"
| #define PACKAGE_URL ""
| #define STDC_HEADERS 1
| #define HAVE_SYS_TYPES_H 1
| #define HAVE_SYS_STAT_H 1
| #define HAVE_STDLIB_H 1
| #define HAVE_STRING_H 1
| #define HAVE_MEMORY_H 1
| #define HAVE_STRINGS_H 1
| #define HAVE_INTTYPES_H 1
| #define HAVE_STDINT_H 1
| #define HAVE_UNISTD_H 1
| #define HAVE_DLFCN_H 1
| #define LT_OBJDIR ".libs/"
| /* end confdefs.h.  */
| #include <ac_nonexistent.h>
configure:11277: checking for ld used by g++
configure:11344: result: /usr/bin/ld
configure:11351: checking if the linker (/usr/bin/ld) is GNU ld
configure:11366: result: yes
configure:11421: checking whether the g++ linker (/usr/bin/ld) supports shared libraries
configure:12426: result: yes
configure:12462: g++ -c -g -O2  conftest.cpp >&5
configure:12465: $? = 0
configure:12985: checking for g++ option to produce PIC
configure:12992: result: -fPIC -DPIC
configure:13000: checking if g++ PIC flag -fPIC -DPIC works
configure:13018: g++ -c -g -O2  -fPIC -DPIC -DPIC conftest.cpp >&5
configure:13022: $? = 0
configure:13035: result: yes
configure:13058: checking if g++ static flag -static works
configure:13086: result: yes
configure:13098: checking if g++ supports -c -o file.o
configure:13119: g++ -c -g -O2  -o out/conftest2.o conftest.cpp >&5
configure:13123: $? = 0
configure:13145: result: yes
configure:13150: checking if g++ supports -c -o file.o
configure:13197: result: yes
configure:13227: checking whether the g++ linker (/usr/bin/ld) supports shared libraries
configure:13266: result: yes
configure:13407: checking dynamic linker characteristics
configure:14086: result: GNU/Linux ld.so
configure:14139: checking how to hardcode library paths into programs
configure:14164: result: immediate
configure:14241: checking for a BSD-compatible install
configure:14309: result: /usr/bin/install -c
configure:14320: checking whether build environment is sane
configure:14370: result: yes
configure:14511: checking for a thread-safe mkdir -p
configure:14550: result: /bin/mkdir -p
configure:14559: checking whether make sets $(MAKE)
configure:14581: result: yes
configure:14611: checking for style of include used by make
configure:14639: result: GNU
configure:14725: checking dependency style of gcc
configure:14836: result: gcc3
configure:14853: checking dependency style of g++
configure:14964: result: gcc3
configure:14996: checking for jni.h
configure:15006: result: yes
configure:15012: checking for jni_md.h
configure:15020: result: yes
configure:15028: checking for leptonica
configure:15047: result: yes
configure:15049: checking for pixCreate in -llept
configure:15074: gcc -o conftest -g -O2  -I/usr/lib/jvm/jdk1.7.0/include -I/usr/lib/jvm/jdk1.7.0/include/linux -I/usr/local/include/leptonica -L/usr/local/lib conftest.c -llept   >&5
configure:15074: $? = 0
configure:15083: result: yes
configure:15102: checking for tesseract
configure:15121: result: yes
configure:15123: checking for main in -ltesseract
configure:15142: gcc -o conftest -g -O2  -I/usr/lib/jvm/jdk1.7.0/include -I/usr/lib/jvm/jdk1.7.0/include/linux -I/usr/local/include/leptonica -I/usr/local/include/tesseract -L/usr/local/lib conftest.c -ltesseract  -llept  >&5
configure:15142: $? = 0
configure:15151: result: yes
configure:15341: creating ./config.status

## ---------------------- ##
## Running config.status. ##
## ---------------------- ##

This file was extended by TessAutoMake config.status 1.0, which was
generated by GNU Autoconf 2.68.  Invocation command line was

  CONFIG_FILES    = 
  CONFIG_HEADERS  = 
  CONFIG_LINKS    = 
  CONFIG_COMMANDS = 
  $ ./config.status 

on dominhhai-desktop

config.status:1086: creating Makefile
config.status:1086: creating src/Makefile
config.status:1258: executing libtool commands
config.status:1258: executing depfiles commands

## ---------------- ##
## Cache variables. ##
## ---------------- ##

ac_cv_build=i686-pc-linux-gnu
ac_cv_c_compiler_gnu=yes
ac_cv_cxx_compiler_gnu=yes
ac_cv_env_CCC_set=
ac_cv_env_CCC_value=
ac_cv_env_CC_set=
ac_cv_env_CC_value=
ac_cv_env_CFLAGS_set=
ac_cv_env_CFLAGS_value=
ac_cv_env_CPPFLAGS_set=
ac_cv_env_CPPFLAGS_value=
ac_cv_env_CPP_set=
ac_cv_env_CPP_value=
ac_cv_env_CXXCPP_set=
ac_cv_env_CXXCPP_value=
ac_cv_env_CXXFLAGS_set=
ac_cv_env_CXXFLAGS_value=
ac_cv_env_CXX_set=
ac_cv_env_CXX_value=
ac_cv_env_JAVA_HOME_INCLUDE_set=
ac_cv_env_JAVA_HOME_INCLUDE_value=
ac_cv_env_LDFLAGS_set=set
ac_cv_env_LDFLAGS_value=-L/usr/local/lib
ac_cv_env_LIBLEPT_HEADERSDIR_set=
ac_cv_env_LIBLEPT_HEADERSDIR_value=
ac_cv_env_LIBS_set=
ac_cv_env_LIBS_value=
ac_cv_env_LIBTESS_HEADERSDIR_set=
ac_cv_env_LIBTESS_HEADERSDIR_value=
ac_cv_env_build_alias_set=
ac_cv_env_build_alias_value=
ac_cv_env_host_alias_set=
ac_cv_env_host_alias_value=
ac_cv_env_target_alias_set=
ac_cv_env_target_alias_value=
ac_cv_header_dlfcn_h=yes
ac_cv_header_inttypes_h=yes
ac_cv_header_memory_h=yes
ac_cv_header_stdc=yes
ac_cv_header_stdint_h=yes
ac_cv_header_stdlib_h=yes
ac_cv_header_string_h=yes
ac_cv_header_strings_h=yes
ac_cv_header_sys_stat_h=yes
ac_cv_header_sys_types_h=yes
ac_cv_header_unistd_h=yes
ac_cv_host=i686-pc-linux-gnu
ac_cv_lib_lept_pixCreate=yes
ac_cv_lib_tesseract_main=yes
ac_cv_objext=o
ac_cv_path_EGREP='/bin/grep -E'
ac_cv_path_FGREP='/bin/grep -F'
ac_cv_path_GREP=/bin/grep
ac_cv_path_SED=/bin/sed
ac_cv_path_install='/usr/bin/install -c'
ac_cv_path_mkdir=/bin/mkdir
ac_cv_prog_AWK=mawk
ac_cv_prog_CPP='gcc -E'
ac_cv_prog_CXXCPP='g++ -E'
ac_cv_prog_ac_ct_AR=ar
ac_cv_prog_ac_ct_CC=gcc
ac_cv_prog_ac_ct_CXX=g++
ac_cv_prog_ac_ct_MANIFEST_TOOL=mt
ac_cv_prog_ac_ct_OBJDUMP=objdump
ac_cv_prog_ac_ct_RANLIB=ranlib
ac_cv_prog_ac_ct_STRIP=strip
ac_cv_prog_cc_c89=
ac_cv_prog_cc_g=yes
ac_cv_prog_cxx_g=yes
ac_cv_prog_make_make_set=yes
ac_cv_target=i686-pc-linux-gnu
am_cv_CC_dependencies_compiler_type=gcc3
am_cv_CXX_dependencies_compiler_type=gcc3
lt_cv_ar_at_file=@
lt_cv_archive_cmds_need_lc=no
lt_cv_deplibs_check_method=pass_all
lt_cv_file_magic_cmd='$MAGIC_CMD'
lt_cv_file_magic_test_file=
lt_cv_ld_reload_flag=-r
lt_cv_nm_interface='BSD nm'
lt_cv_objdir=.libs
lt_cv_path_LD=/usr/bin/ld
lt_cv_path_LDCXX=/usr/bin/ld
lt_cv_path_NM='/usr/bin/nm -B'
lt_cv_path_mainfest_tool=no
lt_cv_prog_compiler_c_o=yes
lt_cv_prog_compiler_c_o_CXX=yes
lt_cv_prog_compiler_pic='-fPIC -DPIC'
lt_cv_prog_compiler_pic_CXX='-fPIC -DPIC'
lt_cv_prog_compiler_pic_works=yes
lt_cv_prog_compiler_pic_works_CXX=yes
lt_cv_prog_compiler_rtti_exceptions=no
lt_cv_prog_compiler_static_works=yes
lt_cv_prog_compiler_static_works_CXX=yes
lt_cv_prog_gnu_ld=yes
lt_cv_prog_gnu_ldcxx=yes
lt_cv_sharedlib_from_linklib_cmd='printf %s\n'
lt_cv_shlibpath_overrides_runpath=no
lt_cv_sys_global_symbol_pipe='sed -n -e '\''s/^.*[	 ]\([ABCDGIRSTW][ABCDGIRSTW]*\)[	 ][	 ]*\([_A-Za-z][_A-Za-z0-9]*\)$/\1 \2 \2/p'\'' | sed '\''/ __gnu_lto/d'\'''
lt_cv_sys_global_symbol_to_c_name_address='sed -n -e '\''s/^: \([^ ]*\)[ ]*$/  {\"\1\", (void *) 0},/p'\'' -e '\''s/^[ABCDGIRSTW]* \([^ ]*\) \([^ ]*\)$/  {"\2", (void *) \&\2},/p'\'''
lt_cv_sys_global_symbol_to_c_name_address_lib_prefix='sed -n -e '\''s/^: \([^ ]*\)[ ]*$/  {\"\1\", (void *) 0},/p'\'' -e '\''s/^[ABCDGIRSTW]* \([^ ]*\) \(lib[^ ]*\)$/  {"\2", (void *) \&\2},/p'\'' -e '\''s/^[ABCDGIRSTW]* \([^ ]*\) \([^ ]*\)$/  {"lib\2", (void *) \&\2},/p'\'''
lt_cv_sys_global_symbol_to_cdecl='sed -n -e '\''s/^T .* \(.*\)$/extern int \1();/p'\'' -e '\''s/^[ABCDGIRSTW]* .* \(.*\)$/extern char \1;/p'\'''
lt_cv_sys_max_cmd_len=1572864
lt_cv_to_host_file_cmd=func_convert_file_noop
lt_cv_to_tool_file_cmd=func_convert_file_noop

## ----------------- ##
## Output variables. ##
## ----------------- ##

ACLOCAL='${SHELL} /home/dominhhai/HaiDM-GR/sources/TessLeptWapper/missing --run aclocal-1.11'
AMDEPBACKSLASH='\'
AMDEP_FALSE='#'
AMDEP_TRUE=''
AMTAR='$${TAR-tar}'
AR='ar'
AUTOCONF='${SHELL} /home/dominhhai/HaiDM-GR/sources/TessLeptWapper/missing --run autoconf'
AUTOHEADER='${SHELL} /home/dominhhai/HaiDM-GR/sources/TessLeptWapper/missing --run autoheader'
AUTOMAKE='${SHELL} /home/dominhhai/HaiDM-GR/sources/TessLeptWapper/missing --run automake-1.11'
AWK='mawk'
CC='gcc'
CCDEPMODE='depmode=gcc3'
CFLAGS='-g -O2'
CPP='gcc -E'
CPPFLAGS=' -I/usr/lib/jvm/jdk1.7.0/include -I/usr/lib/jvm/jdk1.7.0/include/linux -I/usr/local/include/leptonica -I/usr/local/include/tesseract'
CXX='g++'
CXXCPP='g++ -E'
CXXDEPMODE='depmode=gcc3'
CXXFLAGS='-g -O2'
CYGPATH_W='echo'
DEFS='-DPACKAGE_NAME=\"TessAutoMake\" -DPACKAGE_TARNAME=\"tessautomake\" -DPACKAGE_VERSION=\"1.0\" -DPACKAGE_STRING=\"TessAutoMake\ 1.0\" -DPACKAGE_BUGREPORT=\"minhhai3b@gmail.com\" -DPACKAGE_URL=\"\" -DSTDC_HEADERS=1 -DHAVE_SYS_TYPES_H=1 -DHAVE_SYS_STAT_H=1 -DHAVE_STDLIB_H=1 -DHAVE_STRING_H=1 -DHAVE_MEMORY_H=1 -DHAVE_STRINGS_H=1 -DHAVE_INTTYPES_H=1 -DHAVE_STDINT_H=1 -DHAVE_UNISTD_H=1 -DHAVE_DLFCN_H=1 -DLT_OBJDIR=\".libs/\" -DPACKAGE=\"tessautomake\" -DVERSION=\"1.0\" -DHAVE_LIBLEPT=1 -DHAVE_LIBTESSERACT=1'
DEPDIR='.deps'
DLLTOOL='false'
DSYMUTIL=''
DUMPBIN=''
ECHO_C=''
ECHO_N='-n'
ECHO_T=''
EGREP='/bin/grep -E'
EXEEXT=''
FGREP='/bin/grep -F'
GENERIC_LIBRARY_VERSION='1:0'
GENERIC_MAJOR_VERSION='1'
GENERIC_MICRO_VERSION='0'
GENERIC_MINOR_VERSION='0'
GREP='/bin/grep'
INSTALL_DATA='${INSTALL} -m 644'
INSTALL_PROGRAM='${INSTALL}'
INSTALL_SCRIPT='${INSTALL}'
INSTALL_STRIP_PROGRAM='$(install_sh) -c -s'
JAVA_HOME_INCLUDE='/usr/lib/jvm/jdk1.7.0/include'
LD='/usr/bin/ld'
LDFLAGS='-L/usr/local/lib'
LIBLEPT_HEADERSDIR=''
LIBOBJS=''
LIBS='-ltesseract -llept '
LIBTESS_HEADERSDIR=''
LIBTOOL='$(SHELL) $(top_builddir)/libtool'
LIPO=''
LN_S='ln -s'
LTLIBOBJS=''
MAKEINFO='${SHELL} /home/dominhhai/HaiDM-GR/sources/TessLeptWapper/missing --run makeinfo'
MANIFEST_TOOL=':'
MKDIR_P='/bin/mkdir -p'
NM='/usr/bin/nm -B'
NMEDIT=''
OBJDUMP='objdump'
OBJEXT='o'
OTOOL64=''
OTOOL=''
PACKAGE='tessautomake'
PACKAGE_BUGREPORT='minhhai3b@gmail.com'
PACKAGE_NAME='TessAutoMake'
PACKAGE_STRING='TessAutoMake 1.0'
PACKAGE_TARNAME='tessautomake'
PACKAGE_URL=''
PACKAGE_VERSION='1.0'
PATH_SEPARATOR=':'
RANLIB='ranlib'
SED='/bin/sed'
SET_MAKE=''
SHELL='/bin/bash'
STRIP='strip'
VERSION='1.0'
ac_ct_AR='ar'
ac_ct_CC='gcc'
ac_ct_CXX='g++'
ac_ct_DUMPBIN=''
am__EXEEXT_FALSE=''
am__EXEEXT_TRUE='#'
am__fastdepCC_FALSE='#'
am__fastdepCC_TRUE=''
am__fastdepCXX_FALSE='#'
am__fastdepCXX_TRUE=''
am__include='include'
am__isrc=''
am__leading_dot='.'
am__nodep='_no'
am__quote=''
am__tar='$${TAR-tar} chof - "$$tardir"'
am__untar='$${TAR-tar} xf -'
bindir='${exec_prefix}/bin'
build='i686-pc-linux-gnu'
build_alias=''
build_cpu='i686'
build_os='linux-gnu'
build_vendor='pc'
datadir='${datarootdir}'
datarootdir='${prefix}/share'
docdir='${datarootdir}/doc/${PACKAGE_TARNAME}'
dvidir='${docdir}'
exec_prefix='${prefix}'
host='i686-pc-linux-gnu'
host_alias=''
host_cpu='i686'
host_os='linux-gnu'
host_vendor='pc'
htmldir='${docdir}'
includedir='${prefix}/include'
infodir='${datarootdir}/info'
install_sh='${SHELL} /home/dominhhai/HaiDM-GR/sources/TessLeptWapper/install-sh'
libdir='${exec_prefix}/lib'
libexecdir='${exec_prefix}/libexec'
localedir='${datarootdir}/locale'
localstatedir='${prefix}/var'
mandir='${datarootdir}/man'
mkdir_p='/bin/mkdir -p'
oldincludedir='/usr/include'
pdfdir='${docdir}'
prefix='/usr/local'
program_transform_name='s,x,x,'
psdir='${docdir}'
sbindir='${exec_prefix}/sbin'
sharedstatedir='${prefix}/com'
sysconfdir='${prefix}/etc'
target='i686-pc-linux-gnu'
target_alias=''
target_cpu='i686'
target_os='linux-gnu'
target_vendor='pc'

## ----------- ##
## confdefs.h. ##
## ----------- ##

/* confdefs.h */
#define PACKAGE_NAME "TessAutoMake"
#define PACKAGE_TARNAME "tessautomake"
#define PACKAGE_VERSION "1.0"
#define PACKAGE_STRING "TessAutoMake 1.0"
#define PACKAGE_BUGREPORT "minhhai3b@gmail.com"
#define PACKAGE_URL ""
#define STDC_HEADERS 1
#define HAVE_SYS_TYPES_H 1
#define HAVE_SYS_STAT_H 1
#define HAVE_STDLIB_H 1
#define HAVE_STRING_H 1
#define HAVE_MEMORY_H 1
#define HAVE_STRINGS_H 1
#define HAVE_INTTYPES_H 1
#define HAVE_STDINT_H 1
#define HAVE_UNISTD_H 1
#define HAVE_DLFCN_H 1
#define LT_OBJDIR ".libs/"
#define PACKAGE "tessautomake"
#define VERSION "1.0"
#define HAVE_LIBLEPT 1
#define HAVE_LIBTESSERACT 1

configure: exit 0
